[20Aug2023 00:04:28.664] [Render thread/INFO] [net.minecraft.advancements.AdvancementList/]: Loaded 367 advancements
[20Aug2023 00:04:30.164] [Render thread/INFO] [net.minecraft.advancements.AdvancementList/]: Loaded 369 advancements
[20Aug2023 00:04:32.470] [Render thread/INFO] [net.minecraft.advancements.AdvancementList/]: Loaded 370 advancements
[20Aug2023 00:09:03.921] [Render thread/INFO] [net.minecraft.advancements.AdvancementList/]: Loaded 382 advancements
[20Aug2023 00:09:20.169] [Render thread/INFO] [net.minecraft.advancements.AdvancementList/]: Loaded 391 advancements
[20Aug2023 00:09:45.363] [Render thread/INFO] [net.minecraft.advancements.AdvancementList/]: Loaded 393 advancements
[20Aug2023 00:09:50.362] [Render thread/INFO] [net.minecraft.advancements.AdvancementList/]: Loaded 395 advancements
[20Aug2023 00:12:28.102] [Render thread/INFO] [net.minecraft.client.gui.components.ChatComponent/]: [System] [CHAT] Left click: select pos #1; Right click: select pos #2
[20Aug2023 00:12:29.190] [Render thread/INFO] [net.minecraft.client.gui.components.ChatComponent/]: [System] [CHAT] First position set to (24, -60, 12) (12).
[20Aug2023 00:12:30.488] [Render thread/INFO] [net.minecraft.client.gui.components.ChatComponent/]: [System] [CHAT] Second position set to (24, -58, 7) (18).
[20Aug2023 00:12:35.228] [Render thread/INFO] [net.minecraft.client.gui.components.ChatComponent/]: [System] [CHAT] 18 blocks moved.
[20Aug2023 00:17:29.516] [Render thread/INFO] [net.minecraft.client.Minecraft/]: Stopping!
[20Aug2023 00:17:29.518] [Render thread/INFO] [mezz.jei.forge.startup.StartEventObserver/]: JEI StartEventObserver received class net.minecraftforge.client.event.ClientPlayerNetworkEvent$LoggingOut
[20Aug2023 00:17:29.519] [Render thread/INFO] [mezz.jei.forge.startup.StartEventObserver/]: JEI StartEventObserver transitioning state from JEI_STARTED to DISABLED
[20Aug2023 00:17:29.519] [Render thread/INFO] [mezz.jei.library.startup.JeiStarter/]: Stopping JEI
[20Aug2023 00:17:29.519] [Render thread/INFO] [mezz.jei.library.load.PluginCaller/]: Sending Runtime Unavailable: jei:minecraft ...
[20Aug2023 00:17:29.520] [Render thread/INFO] [mezz.jei.library.load.PluginCaller/]: Sending Runtime Unavailable: jei:minecraft took 31.50 μs
[20Aug2023 00:17:29.520] [Render thread/INFO] [mezz.jei.library.load.PluginCaller/]: Sending Runtime Unavailable: apotheosis:village_module ...
[20Aug2023 00:17:29.520] [Render thread/INFO] [mezz.jei.library.load.PluginCaller/]: Sending Runtime Unavailable: apotheosis:village_module took 12.70 μs
[20Aug2023 00:17:29.520] [Render thread/INFO] [mezz.jei.library.load.PluginCaller/]: Sending Runtime Unavailable: apotheosis:spawner ...
[20Aug2023 00:17:29.520] [Render thread/INFO] [mezz.jei.library.load.PluginCaller/]: Sending Runtime Unavailable: apotheosis:spawner took 3.900 μs
[20Aug2023 00:17:29.520] [Render thread/INFO] [mezz.jei.library.load.PluginCaller/]: Sending Runtime Unavailable: apotheosis:potion ...
[20Aug2023 00:17:29.520] [Render thread/INFO] [mezz.jei.library.load.PluginCaller/]: Sending Runtime Unavailable: apotheosis:potion took 3.800 μs
[20Aug2023 00:17:29.520] [Render thread/INFO] [mezz.jei.library.load.PluginCaller/]: Sending Runtime Unavailable: apotheosis:garden ...
[20Aug2023 00:17:29.520] [Render thread/INFO] [mezz.jei.library.load.PluginCaller/]: Sending Runtime Unavailable: apotheosis:garden took 3.900 μs
[20Aug2023 00:17:29.520] [Render thread/INFO] [mezz.jei.library.load.PluginCaller/]: Sending Runtime Unavailable: apotheosis:enchantment ...
[20Aug2023 00:17:29.520] [Render thread/INFO] [mezz.jei.library.load.PluginCaller/]: Sending Runtime Unavailable: apotheosis:enchantment took 3.000 μs
[20Aug2023 00:17:29.520] [Render thread/INFO] [mezz.jei.library.load.PluginCaller/]: Sending Runtime Unavailable: apotheosis:adventure_module ...
[20Aug2023 00:17:29.520] [Render thread/INFO] [mezz.jei.library.load.PluginCaller/]: Sending Runtime Unavailable: apotheosis:adventure_module took 3.100 μs
[20Aug2023 00:17:29.520] [Render thread/INFO] [mezz.jei.library.load.PluginCaller/]: Sending Runtime Unavailable: jei:gui ...
[20Aug2023 00:17:29.520] [Render thread/INFO] [mezz.jei.library.load.PluginCaller/]: Sending Runtime Unavailable: jei:gui took 7.200 μs
[20Aug2023 00:17:29.520] [Render thread/INFO] [mezz.jei.library.load.PluginCaller/]: Sending Runtime Unavailable: jei:debug ...
[20Aug2023 00:17:29.520] [Render thread/INFO] [mezz.jei.library.load.PluginCaller/]: Sending Runtime Unavailable: jei:debug took 3.000 μs
[20Aug2023 00:17:29.520] [Render thread/INFO] [mezz.jei.library.load.PluginCaller/]: Sending Runtime Unavailable: jei:forge_gui ...
[20Aug2023 00:17:29.520] [Render thread/INFO] [mezz.jei.forge.plugins.forge.ForgeGuiPlugin/]: Stopping JEI GUI
[20Aug2023 00:17:29.525] [JEI GUI Config file watcher/INFO] [mezz.jei.core.config.file.FileWatcherThread/]: FileWatcher was interrupted, stopping.
[20Aug2023 00:17:29.526] [Render thread/INFO] [mezz.jei.library.load.PluginCaller/]: Sending Runtime Unavailable: jei:forge_gui took 6.031 ms
[20Aug2023 00:17:29.527] [Render thread/INFO] [mezz.jei.library.load.PluginCaller/]: Sending Runtime Unavailable: unordinary_basics:jei_plugin ...
[20Aug2023 00:17:29.527] [Render thread/INFO] [mezz.jei.library.load.PluginCaller/]: Sending Runtime Unavailable: unordinary_basics:jei_plugin took 8.300 μs
[20Aug2023 00:17:29.527] [Render thread/INFO] [mezz.jei.library.load.PluginCaller/]: Sending Runtime Unavailable: patchouli:patchouli ...
[20Aug2023 00:17:29.527] [Render thread/INFO] [mezz.jei.library.load.PluginCaller/]: Sending Runtime Unavailable: patchouli:patchouli took 3.200 μs
[20Aug2023 00:17:29.527] [Render thread/INFO] [mezz.jei.library.load.PluginCaller/]: Sending Runtime Unavailable: jei:internal ...
[20Aug2023 00:17:29.527] [Render thread/INFO] [mezz.jei.library.load.PluginCaller/]: Sending Runtime Unavailable: jei:internal took 3.700 μs
[20Aug2023 00:17:29.527] [JEI Library Config file watcher/INFO] [mezz.jei.core.config.file.FileWatcherThread/]: FileWatcher was interrupted, stopping.
[20Aug2023 00:17:29.561] [Server thread/INFO] [net.minecraft.server.network.ServerGamePacketListenerImpl/]: Dev lost connection: Disconnected
[20Aug2023 00:17:29.561] [Server thread/INFO] [net.minecraft.server.MinecraftServer/]: Dev left the game
[20Aug2023 00:17:29.580] [Server thread/INFO] [net.minecraft.server.network.ServerGamePacketListenerImpl/]: Stopping singleplayer server as player logged out
[20Aug2023 00:17:29.628] [Server thread/INFO] [net.minecraft.server.MinecraftServer/]: Stopping server
[20Aug2023 00:17:29.629] [Server thread/INFO] [net.minecraft.server.MinecraftServer/]: Saving players
[20Aug2023 00:17:29.629] [Server thread/INFO] [net.minecraft.server.MinecraftServer/]: Saving worlds
[20Aug2023 00:17:30.313] [Server thread/INFO] [net.minecraft.server.MinecraftServer/]: Saving chunks for level 'ServerLevel[New World]'/minecraft:overworld
[20Aug2023 00:17:32.580] [Server thread/INFO] [net.minecraft.server.MinecraftServer/]: Saving chunks for level 'ServerLevel[New World]'/minecraft:the_end
[20Aug2023 00:17:32.583] [Server thread/INFO] [net.minecraft.server.MinecraftServer/]: Saving chunks for level 'ServerLevel[New World]'/minecraft:the_nether
[20Aug2023 00:17:32.613] [Server thread/INFO] [net.minecraft.server.MinecraftServer/]: ThreadedAnvilChunkStorage (New World): All chunks are saved
[20Aug2023 00:17:32.614] [Server thread/INFO] [net.minecraft.server.MinecraftServer/]: ThreadedAnvilChunkStorage (DIM1): All chunks are saved
[20Aug2023 00:17:32.614] [Server thread/INFO] [net.minecraft.server.MinecraftServer/]: ThreadedAnvilChunkStorage (DIM-1): All chunks are saved
[20Aug2023 00:17:32.614] [Server thread/INFO] [net.minecraft.server.MinecraftServer/]: ThreadedAnvilChunkStorage: All dimensions are saved
